bytes allocated, allocations, type, function, file:line
        5749056	         718632	closure sbylib.collision.CollisionMesh.CollisionMesh.collide.__lambda3 source\sbylib\collision\CollisionMesh.d:29
        5749056	         718632	closure sbylib.collision.CollisionMesh.CollisionMesh.collide source\sbylib\collision\CollisionMesh.d:22
         891504	          12382	player.ElasticSphere.ElasticSphere.Collision player.ElasticSphere.ElasticSphere.move source\player\ElasticSphere.d:146
         283904	           4436	float[] sbylib.mesh.Object3D.Object3D.generateViewMatrix source\sbylib\mesh\Object3D.d:83
         158424	            161	float[] sbylib.geometry.Geometry.GeometryTemp!([Attribute(3u, "_position"), Attribute(3u, "_normal")], cast(Prim)4u).GeometryTemp.this.__lambda4 source\sbylib\geometry\Geometry.d:48
         158424	            161	float[] sbylib.geometry.Geometry.GeometryTemp!([Attribute(3u, "_position"), Attribute(3u, "_normal")], cast(Prim)4u).GeometryTemp.this.__lambda6 source\sbylib\geometry\Geometry.d:48
         142080	           2220	float[] sbylib.mesh.Object3D.Object3D.generateWorldMatrix source\sbylib\mesh\Object3D.d:74
          55200	           3450	std.array.Appender!string.Appender.Data std.array.Appender!string.Appender.this C:\D\dmd2\windows\bin\..\..\src\phobos\std\array.d:2731
          49528	          12382	player.ElasticSphere.ElasticSphere.Collision[] player.ElasticSphere.ElasticSphere.move source\player\ElasticSphere.d:146
          44384	          11096	sbylib.utils.Watcher.IWatcher[] sbylib.utils.Watcher.Watcher!(UniformTemp!(Matrix!(float, 4u, 4u))).Watcher.addWatch!(UniformTemp!(Matrix!(float, 4u, 4u))).addWatch source\sbylib\utils\Watcher.d:85
          35488	           2218	std.array.Appender!(Process[]).Appender.Data std.array.Appender!(Process[]).Appender.this C:\D\dmd2\windows\bin\..\..\src\phobos\std\array.d:2731
          35488	           2218	closure player.ElasticSphere.ElasticSphere.move source\player\ElasticSphere.d:91
          34690	           3469	char[] sbylib.material.glsl.Token.tokenize source\sbylib\material\glsl\Token.d:48
          24960	            480	player.ElasticSphere.ElasticSphere.Pair player.ElasticSphere.ElasticSphere.this source\player\ElasticSphere.d:76
          18072	           4518	char[] sbylib.material.glsl.Token.tokenize source\sbylib\material\glsl\Token.d:38
          16032	            167	sbylib.utils.Watcher.Watcher!(Matrix!(float, 4u, 4u)).Watcher sbylib.mesh.Object3D.Object3D.this source\sbylib\mesh\Object3D.d:33
          16032	            167	sbylib.utils.Watcher.Watcher!(Matrix!(float, 4u, 4u)).Watcher sbylib.mesh.Object3D.Object3D.this source\sbylib\mesh\Object3D.d:37
          14904	            162	player.ElasticSphere.ElasticSphere.Particle player.ElasticSphere.ElasticSphere.this source\player\ElasticSphere.d:56
          14208	            888	std.array.Appender!(string[]).Appender.Data std.array.Appender!(string[]).Appender.this C:\D\dmd2\windows\bin\..\..\src\phobos\std\array.d:2731
          14028	            167	sbylib.wrapper.gl.Uniform.UniformTemp!(Matrix!(float, 4u, 4u)).UniformTemp sbylib.mesh.Object3D.Object3D.this source\sbylib\mesh\Object3D.d:31
          14028	            167	sbylib.wrapper.gl.Uniform.UniformTemp!(Matrix!(float, 4u, 4u)).UniformTemp sbylib.mesh.Object3D.Object3D.this source\sbylib\mesh\Object3D.d:27
          13584	            566	sbylib.material.glsl.Token.Token sbylib.material.glsl.Token.tokenize source\sbylib\material\glsl\Token.d:72
           9216	            384	sbylib.material.glsl.Token.Token sbylib.material.glsl.Token.tokenize source\sbylib\material\glsl\Token.d:52
           8684	            167	sbylib.utils.Watcher.Watch!(Matrix!(float, 3u, 3u)).Watch sbylib.mesh.Object3D.Object3D.this source\sbylib\mesh\Object3D.d:22
           6480	            162	sbylib.collision.geometry.CollisionCapsule.CollisionCapsule player.ElasticSphere.ElasticSphere.Particle.this source\player\ElasticSphere.d:303
           6480	            162	sbylib.collision.CollisionMesh.CollisionMesh player.ElasticSphere.ElasticSphere.Particle.this source\player\ElasticSphere.d:304
           6012	            167	sbylib.utils.Watcher.Watcher!(UniformTemp!(Matrix!(float, 4u, 4u))).Watcher sbylib.mesh.Object3D.Object3D.this source\sbylib\mesh\Object3D.d:29
           6012	            167	sbylib.utils.Watcher.Watcher!(UniformTemp!(Matrix!(float, 4u, 4u))).Watcher sbylib.mesh.Object3D.Object3D.this source\sbylib\mesh\Object3D.d:25
           5832	            162	sbylib.mesh.Object3D.Object3D sbylib.collision.geometry.CollisionCapsule.CollisionCapsule.this source\sbylib\collision\geometry\CollisionCapsule.d:19
           5184	            162	sbylib.geometry.Vertex.Vertex!([Attribute(3u, "_position"), Attribute(3u, "_normal")]).Vertex sbylib.geometry.geometry3d.Sphere.Sphere.create.__lambda3 source\sbylib\geometry\geometry3d\Sphere.d:20
           5120	            320	sbylib.geometry.Face.Face sbylib.geometry.Geometry.GeometryTemp!([Attribute(3u, "_position"), Attribute(3u, "_normal")], cast(Prim)4u).GeometryTemp.this source\sbylib\geometry\Geometry.d:60
           4676	            167	sbylib.utils.Watcher.Watch!(Vector!(float, 3u)).Watch sbylib.mesh.Object3D.Object3D.this source\sbylib\mesh\Object3D.d:19
           3068	           3068	immutable(char)[] sbylib.material.glsl.Token.tokenize source\sbylib\material\glsl\Token.d:74
           2560	              1	sbylib.geometry.Face.Face[] sbylib.geometry.Geometry.GeometryTemp!([Attribute(3u, "_position"), Attribute(3u, "_normal")], cast(Prim)4u).GeometryTemp.this source\sbylib\geometry\Geometry.d:58
           2400	            200	uint[] sbylib.geometry.geometry3d.Sphere.Sphere.createVertexIndex source\sbylib\geometry\geometry3d\Sphere.d:109
           2400	            200	uint[] sbylib.geometry.geometry3d.Sphere.Sphere.createVertexIndex source\sbylib\geometry\geometry3d\Sphere.d:108
           2400	            200	uint[] sbylib.geometry.geometry3d.Sphere.Sphere.createVertexIndex source\sbylib\geometry\geometry3d\Sphere.d:107
           2400	            200	uint[] sbylib.geometry.geometry3d.Sphere.Sphere.createVertexIndex source\sbylib\geometry\geometry3d\Sphere.d:110
           1920	            480	player.ElasticSphere.ElasticSphere.Particle[] player.ElasticSphere.ElasticSphere.this source\player\ElasticSphere.d:74
           1920	            480	player.ElasticSphere.ElasticSphere.Particle[] player.ElasticSphere.ElasticSphere.this source\player\ElasticSphere.d:75
           1920	            480	player.ElasticSphere.ElasticSphere.Pair[] player.ElasticSphere.ElasticSphere.this source\player\ElasticSphere.d:76
           1914	            135	immutable(char)[] sbylib.material.glsl.VariableDeclare.VariableDeclare.getCode source\sbylib\material\glsl\VariableDeclare.d:47
           1800	            150	sbylib.math.Vector.Vector!(float, 3u).Vector[] sbylib.geometry.geometry3d.Sphere.Sphere.createVertexIndex.getMiddle source\sbylib\geometry\geometry3d\Sphere.d:95
           1684	            421	sbylib.material.glsl.Token.Token[] sbylib.material.glsl.FunctionDeclare.FunctionDeclare.this source\sbylib\material\glsl\FunctionDeclare.d:40
           1672	            209	immutable(char)[][] sbylib.material.glsl.Function.expect source\sbylib\material\glsl\Function.d:54
           1638	            441	immutable(char)[] sbylib.material.glsl.FunctionDeclare.FunctionDeclare.getCode source\sbylib\material\glsl\FunctionDeclare.d:65
           1536	            384	sbylib.material.glsl.Token.Token[] sbylib.material.glsl.Token.tokenize source\sbylib\material\glsl\Token.d:52
           1440	            180	uint[2][] player.ElasticSphere.ElasticSphere.this source\player\ElasticSphere.d:70
           1376	            172	uint[2][] player.ElasticSphere.ElasticSphere.this source\player\ElasticSphere.d:71
           1348	            337	sbylib.material.glsl.Token.Token[] sbylib.material.glsl.Token.tokenize source\sbylib\material\glsl\Token.d:44
           1336	            334	sbylib.utils.Watcher.IWatcher[] sbylib.utils.Watcher.Watcher!(UniformTemp!(Matrix!(float, 4u, 4u))).Watcher.addWatch!(Matrix!(float, 4u, 4u)).addWatch source\sbylib\utils\Watcher.d:85
           1336	            334	sbylib.utils.Watcher.IWatcher[] sbylib.utils.Watcher.Watcher!(UniformTemp!(Matrix!(float, 4u, 4u))).Watcher.addWatch!(Vector!(float, 3u)).addWatch source\sbylib\utils\Watcher.d:81
           1336	            334	sbylib.utils.Watcher.IWatcher[] sbylib.utils.Watcher.Watcher!(UniformTemp!(Matrix!(float, 4u, 4u))).Watcher.addWatch!(Matrix!(float, 3u, 3u)).addWatch source\sbylib\utils\Watcher.d:81
           1336	            167	closure sbylib.mesh.Object3D.Object3D.this source\sbylib\mesh\Object3D.d:18
           1296	              1	sbylib.math.Vector.Vector!(float, 3u).Vector[] player.ElasticSphere.ElasticSphere.this source\player\ElasticSphere.d:83
           1216	             76	sbylib.material.glsl.AttributeList.AttributeList sbylib.material.glsl.VariableDeclare.VariableDeclare.this source\sbylib\material\glsl\VariableDeclare.d:22
           1120	             28	sbylib.material.glsl.VariableDeclare.VariableDeclare sbylib.material.glsl.BlockDeclare.BlockDeclare.this source\sbylib\material\glsl\BlockDeclare.d:29
           1024	            128	uint[2][] player.ElasticSphere.ElasticSphere.this source\player\ElasticSphere.d:69
            876	            219	sbylib.material.glsl.Token.Token[] sbylib.material.glsl.Token.tokenize source\sbylib\material\glsl\Token.d:50
            844	              1	sbylib.utils.FpsCounter.FpsCounter!100u.FpsCounter main.gameMain source\main.d:75
            704	              2	sbylib.utils.Watcher.Watch!(PointLightBlock).Watch sbylib.core.World.World.this source\sbylib\core\World.d:34
            672	             56	derelict.opengl.glloader.ExtLoader[] derelict.opengl.glloader.GLLoader.registerExtensionLoader ..\..\AppData\Roaming\dub\packages\derelict-gl3-2.0.0-beta.1\source\derelict\opengl\glloader.d:53
            648	            162	player.ElasticSphere.ElasticSphere.Particle[] player.ElasticSphere.ElasticSphere.this source\player\ElasticSphere.d:56
            560	             35	std.array.Appender!(char[]).Appender.Data std.array.Appender!(char[]).Appender.this C:\D\dmd2\windows\bin\..\..\src\phobos\std\array.d:2731
            553	             28	immutable(char)[] sbylib.material.glsl.BlockDeclare.BlockDeclare.getCode source\sbylib\material\glsl\BlockDeclare.d:50
            532	             31	immutable(char)[] sbylib.material.glsl.GlslUtils.GlslUtils.mergeASTs.__lambda2!(Ast).__lambda2.__lambda2 source\sbylib\material\glsl\GlslUtils.d:110
            480	             12	sbylib.material.glsl.VariableDeclare.VariableDeclare sbylib.material.glsl.RequireAttribute.RequireAttribute.this source\sbylib\material\glsl\RequireAttribute.d:34
            448	             28	std.array.Appender!(FunctionDeclare[]).Appender.Data std.array.Appender!(FunctionDeclare[]).Appender.this C:\D\dmd2\windows\bin\..\..\src\phobos\std\array.d:2731
            448	             28	std.array.Appender!(VariableDeclare[]).Appender.Data std.array.Appender!(VariableDeclare[]).Appender.this C:\D\dmd2\windows\bin\..\..\src\phobos\std\array.d:2731
            400	             10	sbylib.material.glsl.VariableDeclare.VariableDeclare sbylib.material.glsl.RequireAttribute.RequireAttribute.getVertexIn source\sbylib\material\glsl\RequireAttribute.d:50
            384	             24	std.array.Appender!(Sharp[]).Appender.Data std.array.Appender!(Sharp[]).Appender.this C:\D\dmd2\windows\bin\..\..\src\phobos\std\array.d:2731
            372	            441	immutable(char)[] sbylib.material.glsl.FunctionDeclare.FunctionDeclare.getCode source\sbylib\material\glsl\FunctionDeclare.d:63
            352	             22	std.array.Appender!(RequireAttribute[]).Appender.Data std.array.Appender!(RequireAttribute[]).Appender.this C:\D\dmd2\windows\bin\..\..\src\phobos\std\array.d:2731
            320	              8	sbylib.material.glsl.VariableDeclare.VariableDeclare sbylib.material.glsl.RequireAttribute.RequireAttribute.getVertexOut source\sbylib\material\glsl\RequireAttribute.d:54
            288	            135	immutable(char)[] sbylib.material.glsl.VariableDeclare.VariableDeclare.getCode source\sbylib\material\glsl\VariableDeclare.d:43
            288	              8	sbylib.material.glsl.Statement.Statement[] sbylib.material.glsl.GlslUtils.GlslUtils.generateFragmentAST source\sbylib\material\glsl\GlslUtils.d:62
            287	              7	immutable(char)[] sbylib.material.glsl.BlockDeclare.BlockDeclare.getCode source\sbylib\material\glsl\BlockDeclare.d:47
            264	             11	sbylib.material.glsl.Token.Token sbylib.material.glsl.Token.tokenize source\sbylib\material\glsl\Token.d:64
            264	              6	sbylib.utils.Watcher.Watcher!(Vector!(float, 3u)).Watcher sbylib.collision.geometry.CollisionPolygon.CollisionPolygon.this.__lambda2 source\sbylib\collision\geometry\CollisionPolygon.d:20
            240	              6	sbylib.material.glsl.VariableDeclare.VariableDeclare sbylib.material.glsl.UniformDemand.getUniformDemandDeclare source\sbylib\material\glsl\UniformDemand.d:34
            240	              6	sbylib.material.glsl.VariableDeclare.VariableDeclare sbylib.material.glsl.GlslUtils.GlslUtils.generateFragmentAST source\sbylib\material\glsl\GlslUtils.d:59
            240	              6	sbylib.material.glsl.VariableDeclare.VariableDeclare sbylib.material.glsl.Ast.Ast.this source\sbylib\material\glsl\Ast.d:40
            240	              6	sbylib.material.glsl.FunctionDeclare.FunctionDeclare sbylib.material.glsl.Ast.Ast.this source\sbylib\material\glsl\Ast.d:63
            240	              1	uint[] sbylib.geometry.geometry3d.Sphere.Sphere.originalIndex source\sbylib\geometry\geometry3d\Sphere.d:51
            224	             14	std.array.Appender!(RequireUniform[]).Appender.Data std.array.Appender!(RequireUniform[]).Appender.this C:\D\dmd2\windows\bin\..\..\src\phobos\std\array.d:2731
            224	              8	sbylib.material.glsl.Sharp.Sharp sbylib.material.glsl.GlslUtils.GlslUtils.generateFragmentAST source\sbylib\material\glsl\GlslUtils.d:62
            224	              7	sbylib.material.glsl.BlockDeclare.BlockDeclare sbylib.material.glsl.UniformDemand.getUniformDemandDeclare source\sbylib\material\glsl\UniformDemand.d:38
            224	              7	sbylib.material.glsl.BlockDeclare.BlockDeclare sbylib.material.glsl.UniformDemand.getUniformDemandDeclare source\sbylib\material\glsl\UniformDemand.d:37
            192	             16	immutable(char)[][] sbylib.material.glsl.RequireAttribute.RequireAttribute.getVertexBodyCode source\sbylib\material\glsl\RequireAttribute.d:58
            192	             12	std.array.Appender!(BlockDeclare[]).Appender.Data std.array.Appender!(BlockDeclare[]).Appender.this C:\D\dmd2\windows\bin\..\..\src\phobos\std\array.d:2731
            192	              8	sbylib.material.glsl.RequireAttribute.RequireAttribute sbylib.material.glsl.Ast.Ast.this source\sbylib\material\glsl\Ast.d:48
            192	              4	sbylib.utils.Logger.TimeLogger sbylib.core.Process.Process.this source\sbylib\core\Process.d:16
            192	              1	player.ElasticSphere.ElasticSphere player.Player.Player.this source\player\Player.d:20
            168	              6	sbylib.material.glsl.Sharp.Sharp sbylib.material.glsl.Ast.Ast.this source\sbylib\material\glsl\Ast.d:45
            168	              2	sbylib.wrapper.gl.Uniform.UniformTemp!(Matrix!(float, 4u, 4u)).UniformTemp sbylib.core.World.World.this source\sbylib\core\World.d:32
            168	              2	sbylib.wrapper.gl.Uniform.UniformTemp!(Matrix!(float, 4u, 4u)).UniformTemp sbylib.core.World.World.this source\sbylib\core\World.d:27
            160	             40	sbylib.material.glsl.Attribute.Attribute[] sbylib.material.glsl.AttributeList.AttributeList.this source\sbylib\material\glsl\AttributeList.d:15
            160	             10	std.array.Appender!(UniformDemand[]).Appender.Data std.array.Appender!(UniformDemand[]).Appender.this C:\D\dmd2\windows\bin\..\..\src\phobos\std\array.d:2731
            156	              6	sbylib.material.glsl.Statement.Statement[] sbylib.material.glsl.GlslUtils.GlslUtils.generateFragmentAST source\sbylib\material\glsl\GlslUtils.d:59
            144	              6	sbylib.material.glsl.Token.Token sbylib.material.glsl.Token.tokenizeComment source\sbylib\material\glsl\Token.d:82
            144	              4	sbylib.core.Process.Process sbylib.core.Core.Core.addProcess source\sbylib\core\Core.d:92
            135	            135	immutable(char)[] sbylib.material.glsl.VariableDeclare.VariableDeclare.getCode source\sbylib\material\glsl\VariableDeclare.d:51
            132	              1	std.experimental.logger.filelogger.FileLogger sbylib.utils.Logger.TimeLogger.this source\sbylib\utils\Logger.d:19
            128	              8	sbylib.material.glsl.ArgumentList.ArgumentList sbylib.material.glsl.FunctionDeclare.FunctionDeclare.this source\sbylib\material\glsl\FunctionDeclare.d:21
            128	              4	immutable(char)[][] sbylib.wrapper.freetype.FreeType.missingSymFunc source\sbylib\wrapper\freetype\FreeType.d:17
            128	              4	immutable(char)[][][] sbylib.material.glsl.Ast.Ast.replaceID source\sbylib\material\glsl\Ast.d:101
            120	              4	float[] sbylib.geometry.Geometry.GeometryTemp!([Attribute(3u, "_position"), Attribute(3u, "_normal"), Attribute(2u, "_uv")], cast(Prim)4u).GeometryTemp.this.__lambda6 source\sbylib\geometry\Geometry.d:48
            120	              4	float[] sbylib.geometry.Geometry.GeometryTemp!([Attribute(3u, "_position"), Attribute(3u, "_normal"), Attribute(2u, "_uv")], cast(Prim)4u).GeometryTemp.this.__lambda4 source\sbylib\geometry\Geometry.d:48
            112	             28	sbylib.material.glsl.VariableDeclare.VariableDeclare[] sbylib.material.glsl.BlockDeclare.BlockDeclare.this source\sbylib\material\glsl\BlockDeclare.d:29
            112	              4	sbylib.material.glsl.Argument.Argument sbylib.material.glsl.Ast.Ast.outParameterIntoMain.__lambda3 source\sbylib\material\glsl\Ast.d:121
            112	              2	closure sbylib.collision.geometry.CollisionPolygon.CollisionPolygon.this source\sbylib\collision\geometry\CollisionPolygon.d:16
            112	              2	sbylib.material.RenderConfig.RenderConfig sbylib.material.Material.Material.this source\sbylib\material\Material.d:26
            107	            107	immutable(char)[] sbylib.material.glsl.VariableDeclare.VariableDeclare.getCode source\sbylib\material\glsl\VariableDeclare.d:45
             99	              4	immutable(char)[] sbylib.material.glsl.Argument.Argument.getCode source\sbylib\material\glsl\Argument.d:37
             96	              6	std.typecons.Tuple!(Attribute, VertexBuffer).Tuple[] sbylib.geometry.Geometry.GeometryTemp!([Attribute(3u, "_position"), Attribute(3u, "_normal"), Attribute(2u, "_uv")], cast(Prim)4u).GeometryTemp.this source\sbylib\geometry\Geometry.d:49
             96	              6	sbylib.wrapper.gl.VertexBuffer.VertexBuffer sbylib.geometry.Geometry.GeometryTemp!([Attribute(3u, "_position"), Attribute(3u, "_normal"), Attribute(2u, "_uv")], cast(Prim)4u).GeometryTemp.this source\sbylib\geometry\Geometry.d:47
             96	              4	sbylib.material.glsl.RequireAttribute.RequireAttribute sbylib.material.glsl.Sharp.Sharp.getRequireAttribute source\sbylib\material\glsl\Sharp.d:52
             96	              4	sbylib.constant.Const.ConstTemp!float.ConstTemp sbylib.constant.ConstantManager.ConstantManager.conv source\sbylib\constant\ConstantManager.d:49
             92	             10	sbylib.material.glsl.Statement.Statement[] sbylib.material.glsl.GlslUtils.GlslUtils.mergeASTs.__lambda12 source\sbylib\material\glsl\GlslUtils.d:123
             88	              2	sbylib.geometry.Geometry.GeometryTemp!([Attribute(3u, "_position"), Attribute(3u, "_normal"), Attribute(2u, "_uv")], cast(Prim)4u).GeometryTemp sbylib.collision.geometry.CollisionPolygon.CollisionPolygon.createGeometry source\sbylib\collision\geometry\CollisionPolygon.d:38
             88	              2	sbylib.utils.Watcher.Watcher!(Vector!(float, 3u)).Watcher sbylib.collision.geometry.CollisionPolygon.CollisionPolygon.this source\sbylib\collision\geometry\CollisionPolygon.d:27
             84	              4	immutable(char)[] sbylib.material.ConditionalMaterial.ConditionalMaterialUniformMaterial!(MaterialTemp!(PlayerMaterialUniformKeeper), MaterialTemp!(LambertMaterialUniformKeeper)).ConditionalMaterialUniformMaterial.declareMix!(MaterialTemp!(PlayerMaterialUniformKeeper), MaterialTemp!(LambertMaterialUniformKeeper), "source\\sbylib\\material\\condition\\ConditionalMaterial.d").this.__lambda4 source\sbylib\material\MaterialUtils.d:175
             84	              1	sbylib.wrapper.gl.Uniform.UniformTemp!(Matrix!(float, 4u, 4u)).UniformTemp sbylib.camera.PerspectiveCamera.PerspectiveCamera.this source\sbylib\camera\PerspectiveCamera.d:32
             84	              1	sbylib.wrapper.gl.Uniform.UniformTemp!(Matrix!(float, 4u, 4u)).UniformTemp sbylib.camera.OrthoCamera.OrthoCamera.this source\sbylib\camera\OrthoCamera.d:33
             80	              4	closure sbylib.material.glsl.Ast.Ast.replaceID source\sbylib\material\glsl\Ast.d:99
             80	              4	float[] sbylib.geometry.Geometry.GeometryTemp!([Attribute(3u, "_position"), Attribute(3u, "_normal"), Attribute(2u, "_uv")], cast(Prim)4u).GeometryTemp.this.__lambda8 source\sbylib\geometry\Geometry.d:48
             80	              4	sbylib.material.glsl.RequireShader.RequireShader sbylib.material.glsl.Ast.Ast.this source\sbylib\material\glsl\Ast.d:52
             80	              2	sbylib.geometry.Vertex.Vertex!([Attribute(3u, "_position"), Attribute(3u, "_normal"), Attribute(2u, "_uv")]).Vertex sbylib.collision.geometry.CollisionPolygon.CollisionPolygon.createGeometry source\sbylib\collision\geometry\CollisionPolygon.d:36
             80	              2	sbylib.collision.CollisionMesh.CollisionMesh main.gameMain.__lambda2.__lambda2 source\main.d:61
             80	              2	sbylib.geometry.Vertex.Vertex!([Attribute(3u, "_position"), Attribute(3u, "_normal"), Attribute(2u, "_uv")]).Vertex sbylib.collision.geometry.CollisionPolygon.CollisionPolygon.createGeometry source\sbylib\collision\geometry\CollisionPolygon.d:37
             80	              2	sbylib.geometry.Vertex.Vertex!([Attribute(3u, "_position"), Attribute(3u, "_normal"), Attribute(2u, "_uv")]).Vertex sbylib.collision.geometry.CollisionPolygon.CollisionPolygon.createGeometry source\sbylib\collision\geometry\CollisionPolygon.d:35
             80	              2	sbylib.material.glsl.FunctionDeclare.FunctionDeclare sbylib.material.glsl.GlslUtils.GlslUtils.generateVertexAST source\sbylib\material\glsl\GlslUtils.d:100
             72	              9	sbylib.material.glsl.UniformDemand.UniformDemand[] sbylib.material.glsl.Space.getUniformDemands source\sbylib\material\glsl\Space.d:36
             72	              9	closure sbylib.material.Material.Material.setUniform!(UniformTemp!(Matrix!(float, 4u, 4u))).setUniform source\sbylib\material\Material.d:34
             72	              6	sbylib.material.glsl.UniformDemand.UniformDemand[] sbylib.material.glsl.Space.getUniformDemands source\sbylib\material\glsl\Space.d:38
             72	              2	sbylib.utils.Watcher.Watcher!(UniformBuffer!(PointLightBlock)).Watcher sbylib.core.World.World.this source\sbylib\core\World.d:37
             72	              2	sbylib.utils.Watcher.Watcher!(UniformTemp!(Matrix!(float, 4u, 4u))).Watcher sbylib.core.World.World.this source\sbylib\core\World.d:29
             72	              2	sbylib.mesh.Object3D.Object3D sbylib.collision.geometry.CollisionPolygon.CollisionPolygon.this source\sbylib\collision\geometry\CollisionPolygon.d:17
             72	              2	sbylib.utils.Watcher.Watcher!(UniformTemp!(Matrix!(float, 4u, 4u))).Watcher sbylib.core.World.World.this source\sbylib\core\World.d:24
             72	              1	derelict.opengl.gl.DerelictGL3Loader derelict.opengl.gl._sharedStaticCtor1 ..\..\AppData\Roaming\dub\packages\derelict-gl3-2.0.0-beta.1\source\derelict\opengl\gl.d:59
             64	              4	std.array.Appender!(Statement[]).Appender.Data std.array.Appender!(Statement[]).Appender.this C:\D\dmd2\windows\bin\..\..\src\phobos\std\array.d:2731
             64	              4	sbylib.material.glsl.AttributeList.AttributeList sbylib.material.glsl.Argument.Argument.this source\sbylib\material\glsl\Argument.d:20
             64	              2	immutable(char)[][] sbylib.material.glsl.GlslUtils.GlslUtils.generateVertexAST source\sbylib\material\glsl\GlslUtils.d:97
             60	              4	sbylib.material.glsl.UniformDemand.UniformDemand[] sbylib.material.glsl.GlslUtils.GlslUtils.requiredUniformDemands.__lambda2 source\sbylib\material\glsl\GlslUtils.d:47
             57	              1	immutable(char)[] sbylib.material.ConditionalMaterial.ConditionalMaterialUniformMaterial!(MaterialTemp!(PlayerMaterialUniformKeeper), MaterialTemp!(LambertMaterialUniformKeeper)).ConditionalMaterialUniformMaterial.declareMix!(MaterialTemp!(PlayerMaterialUniformKeeper), MaterialTemp!(LambertMaterialUniformKeeper), "source\\sbylib\\material\\condition\\ConditionalMaterial.d").generateASTs source\sbylib\material\MaterialUtils.d:95
             56	              7	sbylib.material.glsl.Statement.Statement[] sbylib.material.glsl.UniformDemand.getUniformDemandDeclare source\sbylib\material\glsl\UniformDemand.d:36
             56	              2	sbylib.material.glsl.Sharp.Sharp sbylib.material.glsl.GlslUtils.GlslUtils.generateVertexAST source\sbylib\material\glsl\GlslUtils.d:77
             56	              2	sbylib.wrapper.gl.UniformBuffer.UniformBuffer!(PointLightBlock).UniformBuffer sbylib.core.World.World.this source\sbylib\core\World.d:35
             51	              1	immutable(char)[] sbylib.material.CheckerMaterial.CheckerMaterialUniformMaterial!(MaterialTemp!(NormalMaterialUniformKeeper), MaterialTemp!(UvMaterialUniformKeeper)).CheckerMaterialUniformMaterial.declareMix!(MaterialTemp!(NormalMaterialUniformKeeper), MaterialTemp!(UvMaterialUniformKeeper), "source\\sbylib\\material\\checker\\CheckerMaterial.d").generateASTs source\sbylib\material\MaterialUtils.d:95
             51	              1	immutable(char)[] sbylib.material.ConditionalMaterial.ConditionalMaterialUniformMaterial!(MaterialTemp!(PlayerMaterialUniformKeeper), MaterialTemp!(LambertMaterialUniformKeeper)).ConditionalMaterialUniformMaterial.declareMix!(MaterialTemp!(PlayerMaterialUniformKeeper), MaterialTemp!(LambertMaterialUniformKeeper), "source\\sbylib\\material\\condition\\ConditionalMaterial.d").generateASTs source\sbylib\material\MaterialUtils.d:92
             49	              1	immutable(char)[] sbylib.material.CheckerMaterial.CheckerMaterialUniformMaterial!(MaterialTemp!(NormalMaterialUniformKeeper), MaterialTemp!(UvMaterialUniformKeeper)).CheckerMaterialUniformMaterial.declareMix!(MaterialTemp!(NormalMaterialUniformKeeper), MaterialTemp!(UvMaterialUniformKeeper), "source\\sbylib\\material\\checker\\CheckerMaterial.d").generateASTs source\sbylib\material\MaterialUtils.d:89
             48	              6	closure sbylib.collision.geometry.CollisionPolygon.CollisionPolygon.this.__lambda2 source\sbylib\collision\geometry\CollisionPolygon.d:19
             48	              6	closure sbylib.material.glsl.GlslUtils.GlslUtils.mergeASTs.__lambda2 source\sbylib\material\glsl\GlslUtils.d:106
             48	              3	std.json.JSONValue[] std.json.parseJSON!string.parseJSON.parseValue C:\D\dmd2\windows\bin\..\..\src\phobos\std\json.d:907
             48	              2	sbylib.material.glsl.Ast.Ast sbylib.material.glsl.GlslUtils.GlslUtils.mergeASTs source\sbylib\material\glsl\GlslUtils.d:122
             48	              2	sbylib.geometry.Vertex.Vertex!([Attribute(3u, "_position"), Attribute(3u, "_normal"), Attribute(2u, "_uv")]).Vertex[] sbylib.collision.geometry.CollisionPolygon.CollisionPolygon.createGeometry source\sbylib\collision\geometry\CollisionPolygon.d:34
             48	              2	sbylib.material.glsl.Ast.Ast sbylib.material.glsl.GlslUtils.GlslUtils.generateVertexAST source\sbylib\material\glsl\GlslUtils.d:68
             48	              1	sbylib.utils.Logger.TimeLogger player.ElasticSphere.ElasticSphere.this source\player\ElasticSphere.d:88
             48	              1	sbylib.utils.Logger.TimeLogger main.gameMain source\main.d:78
             44	              1	sbylib.geometry.Geometry.GeometryTemp!([Attribute(3u, "_position"), Attribute(3u, "_normal")], cast(Prim)4u).GeometryTemp sbylib.geometry.geometry3d.Sphere.Sphere.create source\sbylib\geometry\geometry3d\Sphere.d:26
             41	             39	immutable(char)[] sbylib.material.glsl.FunctionDeclare.FunctionDeclare.getCode source\sbylib\material\glsl\FunctionDeclare.d:58
             41	              1	immutable(char)[] sbylib.material.CheckerMaterial.CheckerMaterialUniformMaterial!(MaterialTemp!(NormalMaterialUniformKeeper), MaterialTemp!(UvMaterialUniformKeeper)).CheckerMaterialUniformMaterial.declareMix!(MaterialTemp!(NormalMaterialUniformKeeper), MaterialTemp!(UvMaterialUniformKeeper), "source\\sbylib\\material\\checker\\CheckerMaterial.d").generateASTs source\sbylib\material\MaterialUtils.d:92
             40	             10	sbylib.material.glsl.Token.Token[] sbylib.material.glsl.Token.tokenize source\sbylib\material\glsl\Token.d:32
             40	              5	closure sbylib.material.ConditionalMaterial.ConditionalMaterialUniformMaterial!(MaterialTemp!(PlayerMaterialUniformKeeper), MaterialTemp!(LambertMaterialUniformKeeper)).ConditionalMaterialUniformMaterial.declareMix!(MaterialTemp!(PlayerMaterialUniformKeeper), MaterialTemp!(LambertMaterialUniformKeeper), "source\\sbylib\\material\\condition\\ConditionalMaterial.d").this.__lambda5 source\sbylib\material\MaterialUtils.d:177
             40	              4	sbylib.material.glsl.RequireAttribute.RequireAttribute[] sbylib.material.glsl.GlslUtils.GlslUtils.requiredUniformDemands.__lambda2 source\sbylib\material\glsl\GlslUtils.d:49
             40	              2	sbylib.utils.Watcher.Watch!(Camera).Watch sbylib.core.World.World.this source\sbylib\core\World.d:23
             40	              2	sbylib.material.glsl.RequireAttribute.RequireAttribute[] sbylib.material.glsl.GlslUtils.GlslUtils.generateVertexAST source\sbylib\material\glsl\GlslUtils.d:91
             40	              2	sbylib.material.glsl.RequireAttribute.RequireAttribute[] sbylib.material.glsl.GlslUtils.GlslUtils.generateVertexAST source\sbylib\material\glsl\GlslUtils.d:80
             40	              1	sbylib.material.Material.MaterialTemp!(ConditionalMaterialUniformMaterial!(MaterialTemp!(PlayerMaterialUniformKeeper), MaterialTemp!(LambertMaterialUniformKeeper))).MaterialTemp player.ElasticSphere.ElasticSphere.this source\player\ElasticSphere.d:84
             40	              1	sbylib.control.CameraChaseControl.CameraChaseControl main.gameMain source\main.d:73
             40	              1	int[] derelict.opengl.glloader.GLLoader.loadExtra ..\..\AppData\Roaming\dub\packages\derelict-gl3-2.0.0-beta.1\source\derelict\opengl\glloader.d:118
             40	              1	sbylib.core.RenderTarget.RenderTarget sbylib.wrapper.glfw.Window.Window.this source\sbylib\wrapper\glfw\Window.d:47
             40	              1	sbylib.utils.FpsBalancer.FpsBalancer sbylib.core.Core.Core.this source\sbylib\core\Core.d:71
             40	              1	sbylib.material.Material.MaterialTemp!(CheckerMaterialUniformMaterial!(MaterialTemp!(NormalMaterialUniformKeeper), MaterialTemp!(UvMaterialUniformKeeper))).MaterialTemp main.gameMain.__lambda2 source\main.d:48
             36	              3	sbylib.wrapper.gl.VertexArray.VertexArray sbylib.mesh.Mesh.Mesh.this source\sbylib\mesh\Mesh.d:20
             36	              1	sbylib.camera.PerspectiveCamera.PerspectiveCamera main.gameMain source\main.d:28
             36	              1	sbylib.mesh.Object3D.Object3D player.ElasticSphere.ElasticSphere.this source\player\ElasticSphere.d:87
             36	              1	derelict.sdl2.internal.sdl_dynload.DerelictSDL2Loader derelict.sdl2.internal.sdl_dynload._sharedStaticCtor3 ..\..\AppData\Roaming\dub\packages\derelict-sdl2-3.0.0-beta.2\source\derelict\sdl2\internal\sdl_dynload.d:671
             36	              1	sbylib.mesh.Object3D.Object3D sbylib.camera.OrthoCamera.OrthoCamera.this source\sbylib\camera\OrthoCamera.d:30
             36	              1	derelict.freetype.ft.DerelictFTLoader derelict.freetype.ft._sharedStaticCtor1 ..\..\AppData\Roaming\dub\packages\derelict-ft-2.0.0-beta.1\source\derelict\freetype\ft.d:280
             36	              1	derelict.freeimage.freeimage.DerelictFILoader derelict.freeimage.freeimage._sharedStaticCtor1 ..\..\AppData\Roaming\dub\packages\derelict-fi-3.0.0-beta.1\source\derelict\freeimage\freeimage.d:126
             36	              1	sbylib.utils.Watcher.Watcher!(UniformTemp!(Matrix!(float, 4u, 4u))).Watcher sbylib.camera.PerspectiveCamera.PerspectiveCamera.this source\sbylib\camera\PerspectiveCamera.d:30
             36	              1	sbylib.core.World.World main.gameMain source\main.d:27
             36	              1	sbylib.utils.Watcher.Watcher!(UniformTemp!(Matrix!(float, 4u, 4u))).Watcher sbylib.camera.OrthoCamera.OrthoCamera.this source\sbylib\camera\OrthoCamera.d:31
             36	              1	derelict.glfw3.dynload.DerelictGLFW3Loader derelict.glfw3.dynload._sharedStaticCtor1 ..\..\AppData\Roaming\dub\packages\derelict-glfw3-4.0.0-beta.1\source\derelict\glfw3\dynload.d:349
             36	              1	sbylib.mesh.Object3D.Object3D sbylib.camera.PerspectiveCamera.PerspectiveCamera.this source\sbylib\camera\PerspectiveCamera.d:29
             36	              1	derelict.openal.dynload.DerelictALLoader derelict.openal.dynload._sharedStaticCtor1 ..\..\AppData\Roaming\dub\packages\derelict-al-2.0.0-beta.1\source\derelict\openal\dynload.d:368
             36	              1	sbylib.core.World.World main.gameMain source\main.d:32
             36	              1	sbylib.camera.OrthoCamera.OrthoCamera main.gameMain source\main.d:33
             33	              1	immutable(char)[] sbylib.material.ConditionalMaterial.ConditionalMaterialUniformMaterial!(MaterialTemp!(PlayerMaterialUniformKeeper), MaterialTemp!(LambertMaterialUniformKeeper)).ConditionalMaterialUniformMaterial.declareMix!(MaterialTemp!(PlayerMaterialUniformKeeper), MaterialTemp!(LambertMaterialUniformKeeper), "source\\sbylib\\material\\condition\\ConditionalMaterial.d").generateASTs source\sbylib\material\MaterialUtils.d:89
             32	              8	sbylib.material.glsl.Statement.Statement[] sbylib.material.glsl.Ast.Ast.this source\sbylib\material\glsl\Ast.d:48
             32	              8	sbylib.utils.Watcher.IWatcher[] sbylib.utils.Watcher.Watcher!(Vector!(float, 3u)).Watcher.addWatch!(UniformTemp!(Matrix!(float, 4u, 4u))).addWatch source\sbylib\utils\Watcher.d:85
             32	              8	sbylib.utils.Watcher.IWatcher[] sbylib.utils.Watcher.Watcher!(UniformTemp!(Matrix!(float, 4u, 4u))).Watcher.addWatch!float.addWatch source\sbylib\utils\Watcher.d:81
             32	              4	closure sbylib.material.LambertMaterial.LambertMaterialUniformKeeper.declare!"source\\sbylib\\material\\lambert\\LambertMaterial.d".this.__lambda3 source\sbylib\material\MaterialUtils.d:69
             32	              2	sbylib.wrapper.gl.IndexBuffer.IndexBuffer sbylib.geometry.Geometry.GeometryTemp!([Attribute(3u, "_position"), Attribute(3u, "_normal"), Attribute(2u, "_uv")], cast(Prim)4u).GeometryTemp.this source\sbylib\geometry\Geometry.d:51
             32	              2	std.typecons.Tuple!(Attribute, VertexBuffer).Tuple[] sbylib.geometry.Geometry.GeometryTemp!([Attribute(3u, "_position"), Attribute(3u, "_normal")], cast(Prim)4u).GeometryTemp.this source\sbylib\geometry\Geometry.d:49
             32	              2	sbylib.wrapper.gl.VertexBuffer.VertexBuffer sbylib.geometry.Geometry.GeometryTemp!([Attribute(3u, "_position"), Attribute(3u, "_normal")], cast(Prim)4u).GeometryTemp.this source\sbylib\geometry\Geometry.d:47
             32	              2	sbylib.geometry.Face.Face sbylib.geometry.Geometry.GeometryTemp!([Attribute(3u, "_position"), Attribute(3u, "_normal"), Attribute(2u, "_uv")], cast(Prim)4u).GeometryTemp.this source\sbylib\geometry\Geometry.d:60
             32	              2	sbylib.material.glsl.Statement.Statement[] sbylib.material.glsl.GlslUtils.GlslUtils.generateVertexAST source\sbylib\material\glsl\GlslUtils.d:88
             32	              2	sbylib.material.glsl.RequireUniform.RequireUniform sbylib.material.glsl.Ast.Ast.this source\sbylib\material\glsl\Ast.d:50
             32	              1	closure main.gameMain source\main.d:24
             32	              1	sbylib.constant.Const.ConstTemp!(Vector!(float, 3u)).ConstTemp sbylib.constant.ConstantManager.ConstantManager.convFloatArray source\sbylib\constant\ConstantManager.d:102
             32	              1	player.Player.Player main.gameMain source\main.d:42
             32	              1	sbylib.wrapper.glfw.Window.Window sbylib.core.Core.Core.this source\sbylib\core\Core.d:70
             32	              1	sbylib.wrapper.gl.Uniform.UniformTemp!(Vector!(float, 3u)).UniformTemp sbylib.material.LambertMaterial.LambertMaterialUniformKeeper.constructor source\sbylib\material\lambert\LambertMaterial.d:20
             32	              1	sbylib.wrapper.gl.Uniform.UniformTemp!(Vector!(float, 3u)).UniformTemp sbylib.material.LambertMaterial.LambertMaterialUniformKeeper.constructor source\sbylib\material\lambert\LambertMaterial.d:21
             32	              1	sbylib.wrapper.gl.Uniform.UniformTemp!(Vector!(float, 3u)).UniformTemp sbylib.material.LambertMaterial.LambertMaterialUniformKeeper.constructor source\sbylib\material\lambert\LambertMaterial.d:19
             28	             14	immutable(char)[] sbylib.material.glsl.BlockDeclare.BlockDeclare.getCode source\sbylib\material\glsl\BlockDeclare.d:52
             28	              1	sbylib.collision.geometry.CollisionPolygon.CollisionPolygon main.gameMain.__lambda2 source\main.d:47
             28	              1	std.getopt.Option[] std.getopt.getoptImpl!(string, RunMode*).getoptImpl C:\D\dmd2\windows\bin\..\..\src\phobos\std\getopt.d:739
             28	              1	sbylib.collision.geometry.CollisionPolygon.CollisionPolygon main.gameMain.__lambda2 source\main.d:46
             28	              1	std.getopt.Option[] std.getopt.getoptImpl!().getoptImpl C:\D\dmd2\windows\bin\..\..\src\phobos\std\getopt.d:799
             25	              1	sbylib.core.Core.Core main.gameMain source\main.d:25
             24	              6	sbylib.material.glsl.Statement.Statement[] sbylib.material.glsl.Ast.Ast.this source\sbylib\material\glsl\Ast.d:45
             24	              6	sbylib.material.glsl.Token.Token[] sbylib.material.glsl.Token.tokenize source\sbylib\material\glsl\Token.d:58
             24	              6	sbylib.material.glsl.Statement.Statement[] sbylib.material.glsl.UniformDemand.getUniformDemandDeclare source\sbylib\material\glsl\UniformDemand.d:34
             24	              6	sbylib.material.glsl.Statement.Statement[] sbylib.material.glsl.Ast.Ast.this source\sbylib\material\glsl\Ast.d:63
             24	              6	sbylib.material.glsl.UniformDemand.UniformDemand[] sbylib.material.glsl.Space.getUniformDemands source\sbylib\material\glsl\Space.d:34
             24	              6	sbylib.material.glsl.Statement.Statement[] sbylib.material.glsl.Ast.Ast.this source\sbylib\material\glsl\Ast.d:40
             24	              6	sbylib.material.glsl.Token.Token[] sbylib.material.glsl.Token.tokenizeComment source\sbylib\material\glsl\Token.d:83
             24	              2	sbylib.material.glsl.Statement.Statement[] sbylib.material.glsl.GlslUtils.GlslUtils.generateVertexAST source\sbylib\material\glsl\GlslUtils.d:93
             24	              2	uint[] sbylib.collision.geometry.CollisionPolygon.CollisionPolygon.createGeometry source\sbylib\collision\geometry\CollisionPolygon.d:38
             24	              1	sbylib.mesh.Mesh.Mesh main.gameMain.__lambda2 source\main.d:62
             24	              1	sbylib.material.glsl.Ast.Ast sbylib.material.ConditionalMaterial.ConditionalMaterialUniformMaterial!(MaterialTemp!(PlayerMaterialUniformKeeper), MaterialTemp!(LambertMaterialUniformKeeper)).ConditionalMaterialUniformMaterial.declareMix!(MaterialTemp!(PlayerMaterialUniformKeeper), MaterialTemp!(LambertMaterialUniformKeeper), "source\\sbylib\\material\\condition\\ConditionalMaterial.d").generateASTs source\sbylib\material\MaterialUtils.d:95
             24	              1	sbylib.material.glsl.Ast.Ast sbylib.material.CheckerMaterial.CheckerMaterialUniformMaterial!(MaterialTemp!(NormalMaterialUniformKeeper), MaterialTemp!(UvMaterialUniformKeeper)).CheckerMaterialUniformMaterial.declareMix!(MaterialTemp!(NormalMaterialUniformKeeper), MaterialTemp!(UvMaterialUniformKeeper), "source\\sbylib\\material\\checker\\CheckerMaterial.d").generateASTs source\sbylib\material\MaterialUtils.d:95
             24	              1	sbylib.material.glsl.Ast.Ast sbylib.material.ConditionalMaterial.ConditionalMaterialUniformMaterial!(MaterialTemp!(PlayerMaterialUniformKeeper), MaterialTemp!(LambertMaterialUniformKeeper)).ConditionalMaterialUniformMaterial.declareMix!(MaterialTemp!(PlayerMaterialUniformKeeper), MaterialTemp!(LambertMaterialUniformKeeper), "source\\sbylib\\material\\condition\\ConditionalMaterial.d").generateASTs source\sbylib\material\MaterialUtils.d:89
             24	              1	sbylib.wrapper.gl.Uniform.UniformTemp!float.UniformTemp sbylib.material.LambertMaterial.LambertMaterialUniformKeeper.constructor source\sbylib\material\lambert\LambertMaterial.d:22
             24	              1	sbylib.material.glsl.Ast.Ast sbylib.material.CheckerMaterial.CheckerMaterialUniformMaterial!(MaterialTemp!(NormalMaterialUniformKeeper), MaterialTemp!(UvMaterialUniformKeeper)).CheckerMaterialUniformMaterial.declareMix!(MaterialTemp!(NormalMaterialUniformKeeper), MaterialTemp!(UvMaterialUniformKeeper), "source\\sbylib\\material\\checker\\CheckerMaterial.d").generateASTs source\sbylib\material\MaterialUtils.d:92
             24	              1	sbylib.material.glsl.Ast.Ast sbylib.material.ConditionalMaterial.ConditionalMaterialUniformMaterial!(MaterialTemp!(PlayerMaterialUniformKeeper), MaterialTemp!(LambertMaterialUniformKeeper)).ConditionalMaterialUniformMaterial.declareMix!(MaterialTemp!(PlayerMaterialUniformKeeper), MaterialTemp!(LambertMaterialUniformKeeper), "source\\sbylib\\material\\condition\\ConditionalMaterial.d").generateASTs source\sbylib\material\MaterialUtils.d:92
             24	              1	sbylib.mesh.Mesh.Mesh main.gameMain.__lambda2 source\main.d:63
             24	              1	sbylib.material.glsl.Ast.Ast sbylib.material.CheckerMaterial.CheckerMaterialUniformMaterial!(MaterialTemp!(NormalMaterialUniformKeeper), MaterialTemp!(UvMaterialUniformKeeper)).CheckerMaterialUniformMaterial.declareMix!(MaterialTemp!(NormalMaterialUniformKeeper), MaterialTemp!(UvMaterialUniformKeeper), "source\\sbylib\\material\\checker\\CheckerMaterial.d").generateASTs source\sbylib\material\MaterialUtils.d:89
             24	              1	sbylib.mesh.Mesh.Mesh player.ElasticSphere.ElasticSphere.this source\player\ElasticSphere.d:87
             24	              1	sbylib.material.LambertMaterial.LambertMaterialUniformKeeper sbylib.material.ConditionalMaterial.ConditionalMaterialUniformMaterial!(MaterialTemp!(PlayerMaterialUniformKeeper), MaterialTemp!(LambertMaterialUniformKeeper)).ConditionalMaterialUniformMaterial.declareMix!(MaterialTemp!(PlayerMaterialUniformKeeper), MaterialTemp!(LambertMaterialUniformKeeper), "source\\sbylib\\material\\condition\\ConditionalMaterial.d").this source\sbylib\material\MaterialUtils.d:175
             20	              5	sbylib.material.glsl.Token.Token[] sbylib.material.glsl.FunctionDeclare.FunctionDeclare.this source\sbylib\material\glsl\FunctionDeclare.d:34
             20	              5	sbylib.material.glsl.Token.Token[] sbylib.material.glsl.FunctionDeclare.FunctionDeclare.this source\sbylib\material\glsl\FunctionDeclare.d:29
             20	              5	sbylib.material.glsl.Token.Token[] sbylib.material.glsl.FunctionDeclare.FunctionDeclare.this source\sbylib\material\glsl\FunctionDeclare.d:38
             20	              5	sbylib.material.glsl.Token.Token[] sbylib.material.glsl.FunctionDeclare.FunctionDeclare.this source\sbylib\material\glsl\FunctionDeclare.d:30
             20	              2	sbylib.material.glsl.Statement.Statement[] sbylib.material.glsl.GlslUtils.GlslUtils.generateVertexAST source\sbylib\material\glsl\GlslUtils.d:85
             20	              1	sbylib.utils.Watcher.Watch!float.Watch sbylib.camera.PerspectiveCamera.PerspectiveCamera.this source\sbylib\camera\PerspectiveCamera.d:28
             20	              1	sbylib.utils.Watcher.Watch!float.Watch sbylib.camera.PerspectiveCamera.PerspectiveCamera.this source\sbylib\camera\PerspectiveCamera.d:26
             20	              1	sbylib.utils.Watcher.Watch!float.Watch sbylib.camera.OrthoCamera.OrthoCamera.this source\sbylib\camera\OrthoCamera.d:26
             20	              1	sbylib.utils.Watcher.Watch!float.Watch sbylib.camera.OrthoCamera.OrthoCamera.this source\sbylib\camera\OrthoCamera.d:29
             20	              1	sbylib.material.ConditionalMaterial.ConditionalMaterialUniformMaterial!(MaterialTemp!(PlayerMaterialUniformKeeper), MaterialTemp!(LambertMaterialUniformKeeper)).ConditionalMaterialUniformMaterial sbylib.material.Material.MaterialTemp!(ConditionalMaterialUniformMaterial!(MaterialTemp!(PlayerMaterialUniformKeeper), MaterialTemp!(LambertMaterialUniformKeeper))).MaterialTemp.this source\sbylib\material\Material.d:87
             20	              1	sbylib.utils.Watcher.Watch!float.Watch sbylib.camera.OrthoCamera.OrthoCamera.this source\sbylib\camera\OrthoCamera.d:27
             20	              1	sbylib.utils.Watcher.Watch!float.Watch sbylib.camera.PerspectiveCamera.PerspectiveCamera.this source\sbylib\camera\PerspectiveCamera.d:27
             20	              1	sbylib.material.glsl.Comment.Comment sbylib.material.glsl.Ast.Ast.this source\sbylib\material\glsl\Ast.d:57
             20	              1	sbylib.utils.Watcher.Watch!float.Watch sbylib.camera.OrthoCamera.OrthoCamera.this source\sbylib\camera\OrthoCamera.d:28
             20	              1	sbylib.material.CheckerMaterial.CheckerMaterialUniformMaterial!(MaterialTemp!(NormalMaterialUniformKeeper), MaterialTemp!(UvMaterialUniformKeeper)).CheckerMaterialUniformMaterial sbylib.material.Material.MaterialTemp!(CheckerMaterialUniformMaterial!(MaterialTemp!(NormalMaterialUniformKeeper), MaterialTemp!(UvMaterialUniformKeeper))).MaterialTemp.this source\sbylib\material\Material.d:87
             20	              1	sbylib.utils.Watcher.Watch!float.Watch sbylib.camera.PerspectiveCamera.PerspectiveCamera.this source\sbylib\camera\PerspectiveCamera.d:25
             17	              1	immutable(char)[] sbylib.input.JoyStick.JoyStick.init source\sbylib\input\JoyStick.d:14
             16	              4	sbylib.material.glsl.Argument.Argument[] sbylib.material.glsl.Ast.Ast.outParameterIntoMain source\sbylib\material\glsl\Ast.d:121
             16	              4	sbylib.material.glsl.Statement.Statement[] sbylib.material.glsl.Ast.Ast.this source\sbylib\material\glsl\Ast.d:52
             16	              4	sbylib.material.glsl.Token.Token[] sbylib.material.glsl.Token.tokenize source\sbylib\material\glsl\Token.d:68
             16	              4	sbylib.utils.Watcher.IWatcher[] sbylib.utils.Watcher.Watcher!(UniformTemp!(Matrix!(float, 4u, 4u))).Watcher.addWatch!(Camera).addWatch source\sbylib\utils\Watcher.d:81
             16	              4	sbylib.wrapper.gl.Uniform.Uniform[] sbylib.material.LambertMaterial.LambertMaterialUniformKeeper.declare!"source\\sbylib\\material\\lambert\\LambertMaterial.d".getUniforms source\sbylib\material\MaterialUtils.d:53
             16	              4	sbylib.core.Process.Process[] sbylib.core.Core.Core.addProcess source\sbylib\core\Core.d:93
             16	              4	sbylib.wrapper.gl.Uniform.Uniform[] sbylib.material.ConditionalMaterial.ConditionalMaterialUniformMaterial!(MaterialTemp!(PlayerMaterialUniformKeeper), MaterialTemp!(LambertMaterialUniformKeeper)).ConditionalMaterialUniformMaterial.declareMix!(MaterialTemp!(PlayerMaterialUniformKeeper), MaterialTemp!(LambertMaterialUniformKeeper), "source\\sbylib\\material\\condition\\ConditionalMaterial.d").getUniforms source\sbylib\material\MaterialUtils.d:158
             16	              2	immutable(char)[][] sbylib.material.glsl.GlslUtils.GlslUtils.generateVertexAST source\sbylib\material\glsl\GlslUtils.d:98
             16	              2	sbylib.geometry.Face.Face[] sbylib.geometry.Geometry.GeometryTemp!([Attribute(3u, "_position"), Attribute(3u, "_normal"), Attribute(2u, "_uv")], cast(Prim)4u).GeometryTemp.this source\sbylib\geometry\Geometry.d:58
             16	              2	closure sbylib.core.World.World.this source\sbylib\core\World.d:22
             16	              1	sbylib.wrapper.gl.Texture.Texture sbylib.utils.Functions.Utils.generateTexture source\sbylib\utils\Functions.d:21
             16	              1	sbylib.wrapper.gl.IndexBuffer.IndexBuffer sbylib.geometry.Geometry.GeometryTemp!([Attribute(3u, "_position"), Attribute(3u, "_normal")], cast(Prim)4u).GeometryTemp.this source\sbylib\geometry\Geometry.d:51
             16	              1	std.array.Appender!(const(char)*[]).Appender.Data std.array.Appender!(const(char)*[]).Appender.ensureAddable C:\D\dmd2\windows\bin\..\..\src\phobos\std\array.d:2794
             12	              3	sbylib.mesh.Mesh.Mesh[] sbylib.core.World.World.addMesh source\sbylib\core\World.d:49
             12	              1	sbylib.math.Vector.Vector!(float, 3u).Vector[] sbylib.geometry.geometry3d.Sphere.Sphere.original source\sbylib\geometry\geometry3d\Sphere.d:43
             12	              1	sbylib.wrapper.gl.Shader.Shader sbylib.material.Material.MaterialTemp!(ConditionalMaterialUniformMaterial!(MaterialTemp!(PlayerMaterialUniformKeeper), MaterialTemp!(LambertMaterialUniformKeeper))).MaterialTemp.this source\sbylib\material\Material.d:82
             12	              1	sbylib.math.Vector.Vector!(float, 3u).Vector[] sbylib.geometry.geometry3d.Sphere.Sphere.original source\sbylib\geometry\geometry3d\Sphere.d:40
             12	              1	sbylib.math.Vector.Vector!(float, 3u).Vector[] sbylib.geometry.geometry3d.Sphere.Sphere.original source\sbylib\geometry\geometry3d\Sphere.d:41
             12	              1	sbylib.wrapper.gl.Shader.Shader sbylib.material.Material.MaterialTemp!(CheckerMaterialUniformMaterial!(MaterialTemp!(NormalMaterialUniformKeeper), MaterialTemp!(UvMaterialUniformKeeper))).MaterialTemp.this source\sbylib\material\Material.d:82
             12	              1	sbylib.math.Vector.Vector!(float, 3u).Vector[] sbylib.geometry.geometry3d.Sphere.Sphere.original source\sbylib\geometry\geometry3d\Sphere.d:45
             12	              1	sbylib.math.Vector.Vector!(float, 3u).Vector[] sbylib.geometry.geometry3d.Sphere.Sphere.original source\sbylib\geometry\geometry3d\Sphere.d:36
             12	              1	sbylib.material.glsl.Ast.Ast[] sbylib.material.CheckerMaterial.CheckerMaterialUniformMaterial!(MaterialTemp!(NormalMaterialUniformKeeper), MaterialTemp!(UvMaterialUniformKeeper)).CheckerMaterialUniformMaterial.declareMix!(MaterialTemp!(NormalMaterialUniformKeeper), MaterialTemp!(UvMaterialUniformKeeper), "source\\sbylib\\material\\checker\\CheckerMaterial.d").generateASTs source\sbylib\material\MaterialUtils.d:97
             12	              1	sbylib.math.Vector.Vector!(float, 3u).Vector[] sbylib.geometry.geometry3d.Sphere.Sphere.original source\sbylib\geometry\geometry3d\Sphere.d:46
             12	              1	sbylib.math.Vector.Vector!(float, 3u).Vector[] sbylib.geometry.geometry3d.Sphere.Sphere.original source\sbylib\geometry\geometry3d\Sphere.d:44
             12	              1	sbylib.math.Vector.Vector!(float, 3u).Vector[] sbylib.geometry.geometry3d.Sphere.Sphere.original source\sbylib\geometry\geometry3d\Sphere.d:34
             12	              1	sbylib.math.Vector.Vector!(float, 3u).Vector[] sbylib.geometry.geometry3d.Sphere.Sphere.original source\sbylib\geometry\geometry3d\Sphere.d:33
             12	              1	sbylib.math.Vector.Vector!(float, 3u).Vector[] sbylib.geometry.geometry3d.Sphere.Sphere.original source\sbylib\geometry\geometry3d\Sphere.d:35
             12	              1	sbylib.math.Vector.Vector!(float, 3u).Vector[] sbylib.geometry.geometry3d.Sphere.Sphere.original source\sbylib\geometry\geometry3d\Sphere.d:38
             12	              1	sbylib.wrapper.gl.Shader.Shader sbylib.material.Material.MaterialTemp!(ConditionalMaterialUniformMaterial!(MaterialTemp!(PlayerMaterialUniformKeeper), MaterialTemp!(LambertMaterialUniformKeeper))).MaterialTemp.this source\sbylib\material\Material.d:81
             12	              1	sbylib.wrapper.freeimage.Image.Image sbylib.wrapper.freeimage.ImageLoader.ImageLoader.load source\sbylib\wrapper\freeimage\ImageLoader.d:16
             12	              1	sbylib.wrapper.gl.Program.Program sbylib.material.Material.MaterialTemp!(ConditionalMaterialUniformMaterial!(MaterialTemp!(PlayerMaterialUniformKeeper), MaterialTemp!(LambertMaterialUniformKeeper))).MaterialTemp.this source\sbylib\material\Material.d:84
             12	              1	sbylib.wrapper.gl.Shader.Shader sbylib.material.Material.MaterialTemp!(CheckerMaterialUniformMaterial!(MaterialTemp!(NormalMaterialUniformKeeper), MaterialTemp!(UvMaterialUniformKeeper))).MaterialTemp.this source\sbylib\material\Material.d:81
             12	              1	sbylib.wrapper.gl.Program.Program sbylib.material.Material.MaterialTemp!(CheckerMaterialUniformMaterial!(MaterialTemp!(NormalMaterialUniformKeeper), MaterialTemp!(UvMaterialUniformKeeper))).MaterialTemp.this source\sbylib\material\Material.d:84
             12	              1	sbylib.math.Vector.Vector!(float, 3u).Vector[] sbylib.geometry.geometry3d.Sphere.Sphere.original source\sbylib\geometry\geometry3d\Sphere.d:39
             12	              1	sbylib.material.glsl.Ast.Ast[] sbylib.material.ConditionalMaterial.ConditionalMaterialUniformMaterial!(MaterialTemp!(PlayerMaterialUniformKeeper), MaterialTemp!(LambertMaterialUniformKeeper)).ConditionalMaterialUniformMaterial.declareMix!(MaterialTemp!(PlayerMaterialUniformKeeper), MaterialTemp!(LambertMaterialUniformKeeper), "source\\sbylib\\material\\condition\\ConditionalMaterial.d").generateASTs source\sbylib\material\MaterialUtils.d:97
              8	              2	sbylib.material.glsl.Statement.Statement[] sbylib.material.glsl.GlslUtils.GlslUtils.generateVertexAST source\sbylib\material\glsl\GlslUtils.d:77
              8	              2	sbylib.material.glsl.Statement.Statement[] sbylib.material.glsl.GlslUtils.GlslUtils.generateVertexAST source\sbylib\material\glsl\GlslUtils.d:100
              8	              2	sbylib.utils.Watcher.IWatcher[] sbylib.utils.Watcher.Watcher!(UniformBuffer!(PointLightBlock)).Watcher.addWatch!(PointLightBlock).addWatch source\sbylib\utils\Watcher.d:81
              8	              2	sbylib.material.glsl.Statement.Statement[] sbylib.material.glsl.GlslUtils.GlslUtils.mergeASTs source\sbylib\material\glsl\GlslUtils.d:124
              8	              2	sbylib.material.glsl.Statement.Statement[] sbylib.material.glsl.Ast.Ast.this source\sbylib\material\glsl\Ast.d:50
              8	              1	closure sbylib.geometry.geometry3d.Sphere.Sphere.create source\sbylib\geometry\geometry3d\Sphere.d:17
              8	              1	sbylib.material.NormalMaterial.NormalMaterialUniformKeeper sbylib.material.CheckerMaterial.CheckerMaterialUniformMaterial!(MaterialTemp!(NormalMaterialUniformKeeper), MaterialTemp!(UvMaterialUniformKeeper)).CheckerMaterialUniformMaterial.declareMix!(MaterialTemp!(NormalMaterialUniformKeeper), MaterialTemp!(UvMaterialUniformKeeper), "source\\sbylib\\material\\checker\\CheckerMaterial.d").this source\sbylib\material\MaterialUtils.d:174
              8	              1	closure sbylib.material.Material.Material.setUniform!(UniformBuffer!(PointLightBlock)).setUniform source\sbylib\material\Material.d:34
              8	              1	const(const(sbylib.wrapper.gl.Shader.Shader)[]) sbylib.material.Material.MaterialTemp!(CheckerMaterialUniformMaterial!(MaterialTemp!(NormalMaterialUniformKeeper), MaterialTemp!(UvMaterialUniformKeeper))).MaterialTemp.this source\sbylib\material\Material.d:84
              8	              1	sbylib.material.glsl.Ast.Ast[] sbylib.material.Material.MaterialTemp!(ConditionalMaterialUniformMaterial!(MaterialTemp!(PlayerMaterialUniformKeeper), MaterialTemp!(LambertMaterialUniformKeeper))).MaterialTemp.this source\sbylib\material\Material.d:80
              8	              1	sbylib.material.glsl.Ast.Ast[] sbylib.material.Material.MaterialTemp!(CheckerMaterialUniformMaterial!(MaterialTemp!(NormalMaterialUniformKeeper), MaterialTemp!(UvMaterialUniformKeeper))).MaterialTemp.this source\sbylib\material\Material.d:80
              8	              1	sbylib.collision.geometry.CollisionPolygon.CollisionPolygon[] main.gameMain.__lambda2 source\main.d:45
              8	              1	const(const(sbylib.wrapper.gl.Shader.Shader)[]) sbylib.material.Material.MaterialTemp!(ConditionalMaterialUniformMaterial!(MaterialTemp!(PlayerMaterialUniformKeeper), MaterialTemp!(LambertMaterialUniformKeeper))).MaterialTemp.this source\sbylib\material\Material.d:84
              8	              1	closure sbylib.camera.OrthoCamera.OrthoCamera.this source\sbylib\camera\OrthoCamera.d:25
              8	              1	closure sbylib.camera.PerspectiveCamera.PerspectiveCamera.this source\sbylib\camera\PerspectiveCamera.d:24
              8	              1	sbylib.collision.CollisionMesh.CollisionMesh[] main.gameMain.__lambda2 source\main.d:61
              8	              1	closure sbylib.core.Core.Core.mainLoop source\sbylib\core\Core.d:98
              8	              1	sbylib.material.UvMaterial.UvMaterialUniformKeeper sbylib.material.CheckerMaterial.CheckerMaterialUniformMaterial!(MaterialTemp!(NormalMaterialUniformKeeper), MaterialTemp!(UvMaterialUniformKeeper)).CheckerMaterialUniformMaterial.declareMix!(MaterialTemp!(NormalMaterialUniformKeeper), MaterialTemp!(UvMaterialUniformKeeper), "source\\sbylib\\material\\checker\\CheckerMaterial.d").this source\sbylib\material\MaterialUtils.d:175
              8	              1	closure sbylib.material.CheckerMaterial.CheckerMaterialUniformMaterial!(MaterialTemp!(NormalMaterialUniformKeeper), MaterialTemp!(UvMaterialUniformKeeper)).CheckerMaterialUniformMaterial.declareMix!(MaterialTemp!(NormalMaterialUniformKeeper), MaterialTemp!(UvMaterialUniformKeeper), "source\\sbylib\\material\\checker\\CheckerMaterial.d").this.__lambda5 source\sbylib\material\MaterialUtils.d:177
              8	              1	player.PlayerMaterial.PlayerMaterialUniformKeeper sbylib.material.ConditionalMaterial.ConditionalMaterialUniformMaterial!(MaterialTemp!(PlayerMaterialUniformKeeper), MaterialTemp!(LambertMaterialUniformKeeper)).ConditionalMaterialUniformMaterial.declareMix!(MaterialTemp!(PlayerMaterialUniformKeeper), MaterialTemp!(LambertMaterialUniformKeeper), "source\\sbylib\\material\\condition\\ConditionalMaterial.d").this source\sbylib\material\MaterialUtils.d:174
              6	              6	immutable(char)[] sbylib.material.glsl.Token.tokenize source\sbylib\material\glsl\Token.d:57
              4	              4	immutable(char)[] sbylib.material.glsl.Argument.Argument.getCode source\sbylib\material\glsl\Argument.d:35
              4	              1	sbylib.wrapper.gl.Uniform.Uniform[] sbylib.material.ConditionalMaterial.ConditionalMaterialUniformMaterial!(MaterialTemp!(PlayerMaterialUniformKeeper), MaterialTemp!(LambertMaterialUniformKeeper)).ConditionalMaterialUniformMaterial.declareMix!(MaterialTemp!(PlayerMaterialUniformKeeper), MaterialTemp!(LambertMaterialUniformKeeper), "source\\sbylib\\material\\condition\\ConditionalMaterial.d").getUniforms source\sbylib\material\MaterialUtils.d:138
              4	              1	sbylib.material.glsl.Ast.Ast[] sbylib.material.ConditionalMaterial.ConditionalMaterialUniformMaterial!(MaterialTemp!(PlayerMaterialUniformKeeper), MaterialTemp!(LambertMaterialUniformKeeper)).ConditionalMaterialUniformMaterial.declareMix!(MaterialTemp!(PlayerMaterialUniformKeeper), MaterialTemp!(LambertMaterialUniformKeeper), "source\\sbylib\\material\\condition\\ConditionalMaterial.d").generateASTs source\sbylib\material\MaterialUtils.d:94
              4	              1	sbylib.wrapper.gl.Uniform.Uniform[] sbylib.material.CheckerMaterial.CheckerMaterialUniformMaterial!(MaterialTemp!(NormalMaterialUniformKeeper), MaterialTemp!(UvMaterialUniformKeeper)).CheckerMaterialUniformMaterial.declareMix!(MaterialTemp!(NormalMaterialUniformKeeper), MaterialTemp!(UvMaterialUniformKeeper), "source\\sbylib\\material\\checker\\CheckerMaterial.d").getUniforms source\sbylib\material\MaterialUtils.d:138
              4	              1	sbylib.material.glsl.Ast.Ast[] sbylib.material.ConditionalMaterial.ConditionalMaterialUniformMaterial!(MaterialTemp!(PlayerMaterialUniformKeeper), MaterialTemp!(LambertMaterialUniformKeeper)).ConditionalMaterialUniformMaterial.declareMix!(MaterialTemp!(PlayerMaterialUniformKeeper), MaterialTemp!(LambertMaterialUniformKeeper), "source\\sbylib\\material\\condition\\ConditionalMaterial.d").generateASTs source\sbylib\material\MaterialUtils.d:91
              4	              1	sbylib.material.glsl.Ast.Ast[] sbylib.material.CheckerMaterial.CheckerMaterialUniformMaterial!(MaterialTemp!(NormalMaterialUniformKeeper), MaterialTemp!(UvMaterialUniformKeeper)).CheckerMaterialUniformMaterial.declareMix!(MaterialTemp!(NormalMaterialUniformKeeper), MaterialTemp!(UvMaterialUniformKeeper), "source\\sbylib\\material\\checker\\CheckerMaterial.d").generateASTs source\sbylib\material\MaterialUtils.d:91
              4	              1	sbylib.material.glsl.Statement.Statement[] sbylib.material.glsl.Ast.Ast.this source\sbylib\material\glsl\Ast.d:57
              4	              1	sbylib.material.glsl.Ast.Ast[] sbylib.material.CheckerMaterial.CheckerMaterialUniformMaterial!(MaterialTemp!(NormalMaterialUniformKeeper), MaterialTemp!(UvMaterialUniformKeeper)).CheckerMaterialUniformMaterial.declareMix!(MaterialTemp!(NormalMaterialUniformKeeper), MaterialTemp!(UvMaterialUniformKeeper), "source\\sbylib\\material\\checker\\CheckerMaterial.d").generateASTs source\sbylib\material\MaterialUtils.d:94
              4	              1	sbylib.material.glsl.Token.Token[] sbylib.material.glsl.Token.tokenize source\sbylib\material\glsl\Token.d:62
              0	             70	sbylib.material.glsl.Token.Token[] sbylib.material.glsl.Token.tokenize source\sbylib\material\glsl\Token.d:25
              0	              9	sbylib.material.glsl.UniformDemand.UniformDemand[] sbylib.material.glsl.Space.getUniformDemands source\sbylib\material\glsl\Space.d:32
              0	              1	void[] std.getopt.getoptImpl!(string, RunMode*).getoptImpl C:\D\dmd2\windows\bin\..\..\src\phobos\std\getopt.d:715
